# JRE version: OpenJDK Runtime Environment (11.0.10) (build 11.0.10+0-b96-7249189)
# Java VM: OpenJDK 64-Bit Server VM (11.0.10+0-b96-7249189, mixed mode, tiered, compressed oops, g1 gc, linux-amd64)
Heap:
 garbage-first heap   total 262144K, used 114243K [0x00000000e0000000, 0x0000000100000000)
  region size 1024K, 8 young (8192K), 2 survivors (2048K)
 Metaspace       used 127063K, capacity 131440K, committed 132172K, reserved 370688K
  class space    used 15288K, capacity 16847K, committed 17024K, reserved 253952K
GC Heap History (20 events):
Event: 4830,509 GC heap before
{Heap before GC invocations=194 (full 0):
 garbage-first heap   total 262144K, used 104540K [0x00000000e0000000, 0x0000000100000000)
  region size 1024K, 12 young (12288K), 2 survivors (2048K)
 Metaspace       used 127363K, capacity 132032K, committed 132172K, reserved 370688K
  class space    used 15362K, capacity 16985K, committed 17024K, reserved 253952K
}
Event: 4830,527 GC heap after
{Heap after GC invocations=195 (full 0):
 garbage-first heap   total 262144K, used 88996K [0x00000000e0000000, 0x0000000100000000)
  region size 1024K, 1 young (1024K), 1 survivors (1024K)
 Metaspace       used 127363K, capacity 132032K, committed 132172K, reserved 370688K
  class space    used 15362K, capacity 16985K, committed 17024K, reserved 253952K
}
Event: 7632,412 GC heap before
{Heap before GC invocations=195 (full 0):
 garbage-first heap   total 262144K, used 183204K [0x00000000e0000000, 0x0000000100000000)
  region size 1024K, 95 young (97280K), 1 survivors (1024K)
 Metaspace       used 127427K, capacity 132097K, committed 132172K, reserved 370688K
  class space    used 15362K, capacity 16985K, committed 17024K, reserved 253952K
}
Event: 7632,464 GC heap after
{Heap after GC invocations=196 (full 0):
 garbage-first heap   total 262144K, used 92889K [0x00000000e0000000, 0x0000000100000000)
  region size 1024K, 5 young (5120K), 5 survivors (5120K)
 Metaspace       used 127427K, capacity 132097K, committed 132172K, reserved 370688K
  class space    used 15362K, capacity 16985K, committed 17024K, reserved 253952K
}
Event: 7633,799 GC heap before
{Heap before GC invocations=197 (full 0):
 garbage-first heap   total 262144K, used 224985K [0x00000000e0000000, 0x0000000100000000)
  region size 1024K, 114 young (116736K), 5 survivors (5120K)
 Metaspace       used 126837K, capacity 131160K, committed 132172K, reserved 370688K
  class space    used 15260K, capacity 16797K, committed 17024K, reserved 253952K
}
Event: 7633,870 GC heap after
{Heap after GC invocations=198 (full 0):
 garbage-first heap   total 262144K, used 110380K [0x00000000e0000000, 0x0000000100000000)
  region size 1024K, 15 young (15360K), 15 survivors (15360K)
 Metaspace       used 126837K, capacity 131160K, committed 132172K, reserved 370688K
  class space    used 15260K, capacity 16797K, committed 17024K, reserved 253952K
}
Event: 7633,882 GC heap before
{Heap before GC invocations=198 (full 0):
 garbage-first heap   total 262144K, used 111404K [0x00000000e0000000, 0x0000000100000000)
  region size 1024K, 16 young (16384K), 15 survivors (15360K)
 Metaspace       used 126842K, capacity 131160K, committed 132172K, reserved 370688K
  class space    used 15260K, capacity 16797K, committed 17024K, reserved 253952K
}
Event: 7633,928 GC heap after
{Heap after GC invocations=199 (full 0):
 garbage-first heap   total 262144K, used 107706K [0x00000000e0000000, 0x0000000100000000)
  region size 1024K, 2 young (2048K), 2 survivors (2048K)
 Metaspace       used 126842K, capacity 131160K, committed 132172K, reserved 370688K
  class space    used 15260K, capacity 16797K, committed 17024K, reserved 253952K
}
Event: 7634,025 GC heap before
{Heap before GC invocations=199 (full 0):
 garbage-first heap   total 262144K, used 117946K [0x00000000e0000000, 0x0000000100000000)
  region size 1024K, 12 young (12288K), 2 survivors (2048K)
 Metaspace       used 126843K, capacity 131160K, committed 132172K, reserved 370688K
  class space    used 15260K, capacity 16797K, committed 17024K, reserved 253952K
}
Event: 7634,053 GC heap after
{Heap after GC invocations=200 (full 0):
 garbage-first heap   total 262144K, used 106213K [0x00000000e0000000, 0x0000000100000000)
  region size 1024K, 1 young (1024K), 1 survivors (1024K)
 Metaspace       used 126843K, capacity 131160K, committed 132172K, reserved 370688K
  class space    used 15260K, capacity 16797K, committed 17024K, reserved 253952K
}
Event: 7634,482 GC heap before
{Heap before GC invocations=200 (full 0):
 garbage-first heap   total 262144K, used 147173K [0x00000000e0000000, 0x0000000100000000)
  region size 1024K, 42 young (43008K), 1 survivors (1024K)
 Metaspace       used 126907K, capacity 131245K, committed 132172K, reserved 370688K
  class space    used 15268K, capacity 16811K, committed 17024K, reserved 253952K
}
Event: 7634,505 GC heap after
{Heap after GC invocations=201 (full 0):
 garbage-first heap   total 262144K, used 109532K [0x00000000e0000000, 0x0000000100000000)
  region size 1024K, 4 young (4096K), 4 survivors (4096K)
 Metaspace       used 126907K, capacity 131245K, committed 132172K, reserved 370688K
  class space    used 15268K, capacity 16811K, committed 17024K, reserved 253952K
}
Event: 7635,081 GC heap before
{Heap before GC invocations=201 (full 0):
 garbage-first heap   total 262144K, used 149468K [0x00000000e0000000, 0x0000000100000000)
  region size 1024K, 43 young (44032K), 4 survivors (4096K)
 Metaspace       used 126909K, capacity 131240K, committed 132172K, reserved 370688K
  class space    used 15267K, capacity 16810K, committed 17024K, reserved 253952K
}
Event: 7635,105 GC heap after
{Heap after GC invocations=202 (full 0):
 garbage-first heap   total 262144K, used 110302K [0x00000000e0000000, 0x0000000100000000)
  region size 1024K, 2 young (2048K), 2 survivors (2048K)
 Metaspace       used 126909K, capacity 131240K, committed 132172K, reserved 370688K
  class space    used 15267K, capacity 16810K, committed 17024K, reserved 253952K
}
Event: 7635,732 GC heap before
{Heap before GC invocations=203 (full 0):
 garbage-first heap   total 262144K, used 156382K [0x00000000e0000000, 0x0000000100000000)
  region size 1024K, 48 young (49152K), 2 survivors (2048K)
 Metaspace       used 126916K, capacity 131241K, committed 132172K, reserved 370688K
  class space    used 15268K, capacity 16810K, committed 17024K, reserved 253952K
}
Event: 7635,752 GC heap after
{Heap after GC invocations=204 (full 0):
 garbage-first heap   total 262144K, used 110195K [0x00000000e0000000, 0x0000000100000000)
  region size 1024K, 2 young (2048K), 2 survivors (2048K)
 Metaspace       used 126916K, capacity 131241K, committed 132172K, reserved 370688K
  class space    used 15268K, capacity 16810K, committed 17024K, reserved 253952K
}
Event: 7635,956 GC heap before
{Heap before GC invocations=204 (full 0):
 garbage-first heap   total 262144K, used 119411K [0x00000000e0000000, 0x0000000100000000)
  region size 1024K, 12 young (12288K), 2 survivors (2048K)
 Metaspace       used 126936K, capacity 131271K, committed 132172K, reserved 370688K
  class space    used 15271K, capacity 16815K, committed 17024K, reserved 253952K
}
Event: 7636,019 GC heap after
{Heap after GC invocations=205 (full 0):
 garbage-first heap   total 262144K, used 100759K [0x00000000e0000000, 0x0000000100000000)
  region size 1024K, 2 young (2048K), 2 survivors (2048K)
 Metaspace       used 126936K, capacity 131271K, committed 132172K, reserved 370688K
  class space    used 15271K, capacity 16815K, committed 17024K, reserved 253952K
}
Event: 7636,436 GC heap before
{Heap before GC invocations=205 (full 0):
 garbage-first heap   total 262144K, used 124311K [0x00000000e0000000, 0x0000000100000000)
  region size 1024K, 27 young (27648K), 2 survivors (2048K)
 Metaspace       used 126999K, capacity 131349K, committed 132172K, reserved 370688K
  class space    used 15278K, capacity 16828K, committed 17024K, reserved 253952K
}
Event: 7636,443 GC heap after
{Heap after GC invocations=206 (full 0):
 garbage-first heap   total 262144K, used 99907K [0x00000000e0000000, 0x0000000100000000)
  region size 1024K, 2 young (2048K), 2 survivors (2048K)
 Metaspace       used 126999K, capacity 131349K, committed 132172K, reserved 370688K
  class space    used 15278K, capacity 16828K, committed 17024K, reserved 253952K
}

