# JRE version: OpenJDK Runtime Environment (11.0.10) (build 11.0.10+0-b96-7249189)
# Java VM: OpenJDK 64-Bit Server VM (11.0.10+0-b96-7249189, mixed mode, tiered, compressed oops, g1 gc, linux-amd64)
Heap:
 garbage-first heap   total 262144K, used 152262K [0x00000000e0000000, 0x0000000100000000)
  region size 1024K, 25 young (25600K), 7 survivors (7168K)
 Metaspace       used 124563K, capacity 128147K, committed 128332K, reserved 366592K
  class space    used 15040K, capacity 16414K, committed 16512K, reserved 253952K
GC Heap History (20 events):
Event: 2891,963 GC heap before
{Heap before GC invocations=69 (full 0):
 garbage-first heap   total 262144K, used 133473K [0x00000000e0000000, 0x0000000100000000)
  region size 1024K, 23 young (23552K), 2 survivors (2048K)
 Metaspace       used 124206K, capacity 127867K, committed 128076K, reserved 366592K
  class space    used 15038K, capacity 16411K, committed 16512K, reserved 253952K
}
Event: 2891,970 GC heap after
{Heap after GC invocations=70 (full 0):
 garbage-first heap   total 262144K, used 113766K [0x00000000e0000000, 0x0000000100000000)
  region size 1024K, 2 young (2048K), 2 survivors (2048K)
 Metaspace       used 124206K, capacity 127867K, committed 128076K, reserved 366592K
  class space    used 15038K, capacity 16411K, committed 16512K, reserved 253952K
}
Event: 3109,860 GC heap before
{Heap before GC invocations=71 (full 0):
 garbage-first heap   total 262144K, used 188518K [0x00000000e0000000, 0x0000000100000000)
  region size 1024K, 78 young (79872K), 2 survivors (2048K)
 Metaspace       used 124330K, capacity 127934K, committed 128332K, reserved 366592K
  class space    used 15038K, capacity 16411K, committed 16512K, reserved 253952K
}
Event: 3109,891 GC heap after
{Heap after GC invocations=72 (full 0):
 garbage-first heap   total 262144K, used 122464K [0x00000000e0000000, 0x0000000100000000)
  region size 1024K, 10 young (10240K), 10 survivors (10240K)
 Metaspace       used 124330K, capacity 127934K, committed 128332K, reserved 366592K
  class space    used 15038K, capacity 16411K, committed 16512K, reserved 253952K
}
Event: 3109,901 GC heap before
{Heap before GC invocations=72 (full 0):
 garbage-first heap   total 262144K, used 124512K [0x00000000e0000000, 0x0000000100000000)
  region size 1024K, 12 young (12288K), 10 survivors (10240K)
 Metaspace       used 124336K, capacity 127998K, committed 128332K, reserved 366592K
  class space    used 15038K, capacity 16411K, committed 16512K, reserved 253952K
}
Event: 3109,919 GC heap after
{Heap after GC invocations=73 (full 0):
 garbage-first heap   total 262144K, used 110202K [0x00000000e0000000, 0x0000000100000000)
  region size 1024K, 1 young (1024K), 1 survivors (1024K)
 Metaspace       used 124336K, capacity 127998K, committed 128332K, reserved 366592K
  class space    used 15038K, capacity 16411K, committed 16512K, reserved 253952K
}
Event: 3110,001 GC heap before
{Heap before GC invocations=73 (full 0):
 garbage-first heap   total 262144K, used 126586K [0x00000000e0000000, 0x0000000100000000)
  region size 1024K, 18 young (18432K), 1 survivors (1024K)
 Metaspace       used 124371K, capacity 127998K, committed 128332K, reserved 366592K
  class space    used 15038K, capacity 16411K, committed 16512K, reserved 253952K
}
Event: 3110,024 GC heap after
{Heap after GC invocations=74 (full 0):
 garbage-first heap   total 262144K, used 118674K [0x00000000e0000000, 0x0000000100000000)
  region size 1024K, 9 young (9216K), 9 survivors (9216K)
 Metaspace       used 124371K, capacity 127998K, committed 128332K, reserved 366592K
  class space    used 15038K, capacity 16411K, committed 16512K, reserved 253952K
}
Event: 3111,336 GC heap before
{Heap before GC invocations=75 (full 0):
 garbage-first heap   total 262144K, used 205714K [0x00000000e0000000, 0x0000000100000000)
  region size 1024K, 79 young (80896K), 9 survivors (9216K)
 Metaspace       used 124430K, capacity 128073K, committed 128332K, reserved 366592K
  class space    used 15038K, capacity 16412K, committed 16512K, reserved 253952K
}
Event: 3111,353 GC heap after
{Heap after GC invocations=76 (full 0):
 garbage-first heap   total 262144K, used 116959K [0x00000000e0000000, 0x0000000100000000)
  region size 1024K, 6 young (6144K), 6 survivors (6144K)
 Metaspace       used 124430K, capacity 128073K, committed 128332K, reserved 366592K
  class space    used 15038K, capacity 16412K, committed 16512K, reserved 253952K
}
Event: 3111,403 GC heap before
{Heap before GC invocations=76 (full 0):
 garbage-first heap   total 262144K, used 123103K [0x00000000e0000000, 0x0000000100000000)
  region size 1024K, 12 young (12288K), 6 survivors (6144K)
 Metaspace       used 124430K, capacity 128073K, committed 128332K, reserved 366592K
  class space    used 15038K, capacity 16412K, committed 16512K, reserved 253952K
}
Event: 3111,422 GC heap after
{Heap after GC invocations=77 (full 0):
 garbage-first heap   total 262144K, used 108193K [0x00000000e0000000, 0x0000000100000000)
  region size 1024K, 1 young (1024K), 1 survivors (1024K)
 Metaspace       used 124430K, capacity 128073K, committed 128332K, reserved 366592K
  class space    used 15038K, capacity 16412K, committed 16512K, reserved 253952K
}
Event: 3111,486 GC heap before
{Heap before GC invocations=77 (full 0):
 garbage-first heap   total 262144K, used 115361K [0x00000000e0000000, 0x0000000100000000)
  region size 1024K, 10 young (10240K), 1 survivors (1024K)
 Metaspace       used 124438K, capacity 128079K, committed 128332K, reserved 366592K
  class space    used 15039K, capacity 16413K, committed 16512K, reserved 253952K
}
Event: 3111,495 GC heap after
{Heap after GC invocations=78 (full 0):
 garbage-first heap   total 262144K, used 108159K [0x00000000e0000000, 0x0000000100000000)
  region size 1024K, 1 young (1024K), 1 survivors (1024K)
 Metaspace       used 124438K, capacity 128079K, committed 128332K, reserved 366592K
  class space    used 15039K, capacity 16413K, committed 16512K, reserved 253952K
}
Event: 3468,051 GC heap before
{Heap before GC invocations=79 (full 0):
 garbage-first heap   total 262144K, used 199295K [0x00000000e0000000, 0x0000000100000000)
  region size 1024K, 91 young (93184K), 1 survivors (1024K)
 Metaspace       used 124517K, capacity 128147K, committed 128332K, reserved 366592K
  class space    used 15040K, capacity 16414K, committed 16512K, reserved 253952K
}
Event: 3468,145 GC heap after
{Heap after GC invocations=80 (full 0):
 garbage-first heap   total 262144K, used 119360K [0x00000000e0000000, 0x0000000100000000)
  region size 1024K, 12 young (12288K), 12 survivors (12288K)
 Metaspace       used 124517K, capacity 128147K, committed 128332K, reserved 366592K
  class space    used 15040K, capacity 16414K, committed 16512K, reserved 253952K
}
Event: 3468,161 GC heap before
{Heap before GC invocations=80 (full 0):
 garbage-first heap   total 262144K, used 120384K [0x00000000e0000000, 0x0000000100000000)
  region size 1024K, 13 young (13312K), 12 survivors (12288K)
 Metaspace       used 124517K, capacity 128147K, committed 128332K, reserved 366592K
  class space    used 15040K, capacity 16414K, committed 16512K, reserved 253952K
}
Event: 3468,207 GC heap after
{Heap after GC invocations=81 (full 0):
 garbage-first heap   total 262144K, used 113359K [0x00000000e0000000, 0x0000000100000000)
  region size 1024K, 2 young (2048K), 2 survivors (2048K)
 Metaspace       used 124517K, capacity 128147K, committed 128332K, reserved 366592K
  class space    used 15040K, capacity 16414K, committed 16512K, reserved 253952K
}
Event: 3468,280 GC heap before
{Heap before GC invocations=81 (full 0):
 garbage-first heap   total 262144K, used 119503K [0x00000000e0000000, 0x0000000100000000)
  region size 1024K, 9 young (9216K), 2 survivors (2048K)
 Metaspace       used 124522K, capacity 128147K, committed 128332K, reserved 366592K
  class space    used 15040K, capacity 16414K, committed 16512K, reserved 253952K
}
Event: 3468,305 GC heap after
{Heap after GC invocations=82 (full 0):
 garbage-first heap   total 262144K, used 118470K [0x00000000e0000000, 0x0000000100000000)
  region size 1024K, 7 young (7168K), 7 survivors (7168K)
 Metaspace       used 124522K, capacity 128147K, committed 128332K, reserved 366592K
  class space    used 15040K, capacity 16414K, committed 16512K, reserved 253952K
}

